[0m[0m836.pdf[0m
[0mCCS4seminar.cls[0m
[0mCCS4slide.cls[0m
[01;32mPPRalienglow.sty[0m*
[01;32mPPRautumn.sty[0m*
[01;32mPPRazure.sty[0m*
[01;32mPPRblends.sty[0m*
[01;32mPPRbluegrad.sty[0m*
[01;32mPPRcapsules.sty[0m*
[01;32mPPRcontemporain.sty[0m*
[01;32mPPRcorners.sty[0m*
[01;32mPPRdarkblue.sty[0m*
[01;32mPPRdefault.sty[0m*
[01;32mPPRframes.sty[0m*
[01;32mPPRfyma.sty[0m*
[01;32mPPRgyom.sty[0m*
[01;32mPPRgyom2.sty[0m*
[01;32mPPRlignesbleues.sty[0m*
[01;32mPPRmancini.sty[0m*
[01;32mPPRnuancegris.sty[0m*
[01;32mPPRprettybox.sty[0m*
[01;32mPPRrico.sty[0m*
[01;32mPPRserpaggi.sty[0m*
[01;32mPPRthomasd.sty[0m*
[01;32mPPRtroispoints.sty[0m*
[01;32mPPRwhitecross.sty[0m*
[01;32mPPRwinter.sty[0m*
[01;32mPPRwj.sty[0m*
[0mResearchNote.cls[0m
[0mResearchNote_pdf.cls[0m
[0ma0poster.cls[0m
[0ma0size.sty[0m
[0marray.sty[0m
[0mastdoc.tex[0m
[0mbeamercolorthemeLANL.sty[0m
[0mbeamerfontthemeLANL.sty[0m
[0mbeamerinnerthemeLANL.sty[0m
[0mbeamerouterthemeLANL.sty[0m
[0mbeamerthemeLANL.sty[0m
[0mc++.sty[0m
[0mcaption2.sty[0m
[0mccs4logo.eps[0m
[0mccs4logo.pdf[0m
[0mcite.sty[0m
[0mcodex.sty[0m
[01;32mcuted.sty[0m*
[0mdraco_index.ist[0m
[0mfancycodes.sty[0m
[0mlaletter.cls[0m
[0mlanl.cls[0m
[0mlanllogo.pdf[0m
[0mlarep.cls[0m
[0mlarmemo.cls[0m
[0mlarmemo.tex[0m
[0mlettest.tex[0m
[0mlogo.eps[0m
[0mlogo.jpg[0m
[0mlogo.pdf[0m
[0mls.log[0m
[01;32mlstdoc.sty[0m*
[01;32mlstlang1.sty[0m*
[01;32mlstlang2.sty[0m*
[01;32mlstlang3.sty[0m*
[01;32mlstmisc.sty[0m*
[01;32mlstpatch.sty[0m*
[0mmarmotMacros.sty[0m
[0mnewmemo.cls[0m
[0mnmemo.cls[0m
[0mnnsalogo.pdf[0m
[0mnomencl.ist[0m
[0mnomencl.sty[0m
[01;32mprosper.cls[0m*
[0mrisktable.sty[0m
[0mrnote.cls[0m
[0mshading.sty[0m
[0mstl.sty[0m
[0mtmadd.sty[0m
[0mtmath.sty[0m
[m