cvs update: Updating .
U ChangeLog
U Makefile.in
U NEWS
U README.draco
U configure
U configure.in
U draco_config
cvs update: scheduling export for removal
cvs update: scheduling import for removal
? draco_merge.out
cvs update: Updating assesment
cvs update: Updating config
U config/Makefile.package.in
U config/Makefile.test.in
U config/ac_conf.m4
U config/ac_dracoarg.m4
U config/ac_dracoenv.m4
U config/ac_local.m4
U config/ac_vendors.m4
U config/aclocal.m4
U config/config.guess
U config/config.sub
U config/install-sh
cvs update: Updating doc
cvs update: Updating doc/3T
cvs update: Updating doc/3T/MTServices
cvs update: Updating doc/3T/Solon.980521
cvs update: scheduling doc/3T/Solon.980521/.cvsignore for removal
cvs update: scheduling doc/3T/Solon.980521/Makefile for removal
cvs update: scheduling doc/3T/Solon.980521/SphereDoom.ps for removal
cvs update: scheduling doc/3T/Solon.980521/myslidehead.cls for removal
cvs update: scheduling doc/3T/Solon.980521/solon.tex for removal
cvs update: scheduling doc/3T/Solon.980521/solonpreamble.tex for removal
cvs update: Updating doc/3T/radtransfer
cvs update: scheduling doc/3T/radtransfer/.cvsignore for removal
cvs update: scheduling doc/3T/radtransfer/Makefile for removal
cvs update: scheduling doc/3T/radtransfer/radTransfer.bib for removal
cvs update: scheduling doc/3T/radtransfer/radTransfer.tex for removal
cvs update: Updating doc/GenericProgInSolon
U doc/GenericProgInSolon/.cvsignore
U doc/GenericProgInSolon/Makefile
U doc/GenericProgInSolon/Solon.bib
U doc/GenericProgInSolon/Solon.tex
U doc/GenericProgInSolon/Solonpreamble.tex
U doc/GenericProgInSolon/diff.uml.eps
U doc/GenericProgInSolon/diff.uml.fig
U doc/GenericProgInSolon/mesh.uml.eps
U doc/GenericProgInSolon/mesh.uml.fig
U doc/GenericProgInSolon/p13t.uml.eps
U doc/GenericProgInSolon/p13t.uml.fig
cvs update: Updating doc/announce
cvs update: Updating doc/bib
U doc/bib/draco.bib
cvs update: Updating doc/build
U doc/build/.cvsignore
U doc/build/Makefile
U doc/build/adding.tex
U doc/build/compile.tex
U doc/build/draco_bs.sty
U doc/build/draco_bs.tex
U doc/build/extend.tex
U doc/build/extern.tex
U doc/build/intro.tex
U doc/build/model.tex
U doc/build/vendors.tex
cvs update: Updating doc/build/fig
U doc/build/fig/build_tree.dot
U doc/build/fig/build_tree.eps
U doc/build/fig/c4-in.cfg
U doc/build/fig/level.dot
U doc/build/fig/level.eps
U doc/build/fig/package.dot
U doc/build/fig/package.eps
U doc/build/fig/src_config.dot
U doc/build/fig/src_config.eps
U doc/build/fig/src_doc.dot
U doc/build/fig/src_doc.eps
U doc/build/fig/src_draco.dot
U doc/build/fig/src_draco.eps
U doc/build/fig/src_src.dot
U doc/build/fig/src_src.eps
U doc/build/fig/src_tools.dot
U doc/build/fig/src_tools.eps
U doc/build/fig/src_tree.dot
U doc/build/fig/src_tree.eps
U doc/build/fig/test_level.dot
U doc/build/fig/test_level.eps
cvs update: Updating doc/design
cvs update: scheduling doc/design/code.table for removal
cvs update: scheduling doc/design/design.memo for removal
cvs update: Updating doc/imctest
cvs update: Updating doc/matprops
cvs update: Updating doc/mesh
U doc/mesh/MTConcept.tex
cvs update: Updating doc/purify
U doc/purify/98099.tex
U doc/purify/main.eps
U doc/purify/p0.eps
U doc/purify/p1.eps
cvs update: Updating doc/system
U doc/system/checkout.eps
U doc/system/checkout.fig
U doc/system/cvsroot.eps
U doc/system/cvsroot.fig
U doc/system/doc.eps
U doc/system/doc.fig
U doc/system/jdir.eps
U doc/system/jdir.fig
U doc/system/milagro_co.eps
U doc/system/milagro_co.fig
U doc/system/milagro_cvs.eps
U doc/system/milagro_cvs.fig
U doc/system/rn98046.tex
cvs update: Updating html
cvs update: Updating html/draco_www
cvs update: Updating html/draco_www/ahtu
U html/draco_www/ahtu/index.html
cvs update: Updating html/draco_www/draco
U html/draco_www/draco/components.html
U html/draco_www/draco/draco_design.html
U html/draco_www/draco/draco_icons.html
U html/draco_www/draco/draco_overview.html
U html/draco_www/draco/draco_people.html
U html/draco_www/draco/glossary.html
U html/draco_www/draco/index.html
U html/draco_www/draco/links.html
U html/draco_www/draco/news.html
U html/draco_www/draco/participate.html
U html/draco_www/draco/procedures.html
U html/draco_www/draco/quality.html
U html/draco_www/draco/references.html
U html/draco_www/draco/se_process.html
U html/draco_www/draco/sei_cmm.html
U html/draco_www/draco/systems.html
cvs update: Updating html/draco_www/draco/cip
U html/draco_www/draco/cip/IMG_PARAMS.dir
U html/draco_www/draco/cip/IMG_PARAMS.pag
U html/draco_www/draco/cip/cip.css
U html/draco_www/draco/cip/cip.html
U html/draco_www/draco/cip/images.aux
U html/draco_www/draco/cip/images.bbl
U html/draco_www/draco/cip/images.log
U html/draco_www/draco/cip/images.pl
U html/draco_www/draco/cip/images.tex
U html/draco_www/draco/cip/img1.gif
U html/draco_www/draco/cip/img2.gif
U html/draco_www/draco/cip/img3.gif
U html/draco_www/draco/cip/img4.gif
U html/draco_www/draco/cip/img5.gif
U html/draco_www/draco/cip/img6.gif
U html/draco_www/draco/cip/img7.gif
U html/draco_www/draco/cip/img8.gif
U html/draco_www/draco/cip/img9.gif
U html/draco_www/draco/cip/index.html
U html/draco_www/draco/cip/internals.pl
U html/draco_www/draco/cip/labels.pl
U html/draco_www/draco/cip/next_motif.gif
U html/draco_www/draco/cip/next_motif_gr.gif
U html/draco_www/draco/cip/node1.html
U html/draco_www/draco/cip/node10.html
U html/draco_www/draco/cip/node11.html
U html/draco_www/draco/cip/node2.html
U html/draco_www/draco/cip/node3.html
U html/draco_www/draco/cip/node4.html
U html/draco_www/draco/cip/node5.html
U html/draco_www/draco/cip/node6.html
U html/draco_www/draco/cip/node7.html
U html/draco_www/draco/cip/node8.html
U html/draco_www/draco/cip/node9.html
U html/draco_www/draco/cip/previous_motif.gif
U html/draco_www/draco/cip/previous_motif_gr.gif
U html/draco_www/draco/cip/up_motif.gif
U html/draco_www/draco/cip/up_motif_gr.gif
cvs update: Updating html/draco_www/draco/cip/l2h1912
U html/draco_www/draco/cip/l2h1912/img1.gif
U html/draco_www/draco/cip/l2h1912/img2.gif
U html/draco_www/draco/cip/l2h1912/img3.gif
U html/draco_www/draco/cip/l2h1912/img4.gif
U html/draco_www/draco/cip/l2h1912/img5.gif
U html/draco_www/draco/cip/l2h1912/img6.gif
U html/draco_www/draco/cip/l2h1912/img7.gif
U html/draco_www/draco/cip/l2h1912/img8.gif
U html/draco_www/draco/cip/l2h1912/img9.gif
cvs update: Updating html/draco_www/draco/cip/l2h2087
U html/draco_www/draco/cip/l2h2087/img1.gif
U html/draco_www/draco/cip/l2h2087/img2.gif
U html/draco_www/draco/cip/l2h2087/img4.gif
U html/draco_www/draco/cip/l2h2087/img5.gif
cvs update: Updating html/draco_www/draco/cip/l2h2184
U html/draco_www/draco/cip/l2h2184/img6.gif
U html/draco_www/draco/cip/l2h2184/img7.gif
U html/draco_www/draco/cip/l2h2184/img8.gif
U html/draco_www/draco/cip/l2h2184/img9.gif
cvs update: Updating html/draco_www/draco/framework
U html/draco_www/draco/framework/IMG_PARAMS.dir
U html/draco_www/draco/framework/IMG_PARAMS.pag
U html/draco_www/draco/framework/framework.css
U html/draco_www/draco/framework/framework.html
U html/draco_www/draco/framework/images.aux
U html/draco_www/draco/framework/images.log
U html/draco_www/draco/framework/images.pl
U html/draco_www/draco/framework/images.tex
U html/draco_www/draco/framework/index.html
U html/draco_www/draco/framework/labels.pl
U html/draco_www/draco/framework/next_motif.gif
U html/draco_www/draco/framework/next_motif_gr.gif
U html/draco_www/draco/framework/node1.html
U html/draco_www/draco/framework/previous_motif.gif
U html/draco_www/draco/framework/previous_motif_gr.gif
U html/draco_www/draco/framework/up_motif.gif
U html/draco_www/draco/framework/up_motif_gr.gif
cvs update: Updating html/draco_www/draco/framework/l2h13683
U html/draco_www/draco/framework/l2h13683/image001.ps
cvs update: Updating html/draco_www/draco/framework/l2h13732
U html/draco_www/draco/framework/l2h13732/image001.ps
cvs update: Updating html/draco_www/draco/framework/l2h13753
U html/draco_www/draco/framework/l2h13753/image001.ps
cvs update: Updating html/draco_www/draco/images
U html/draco_www/draco/images/animfire.gif
U html/draco_www/draco/images/back.gif
U html/draco_www/draco/images/back.jpg
U html/draco_www/draco/images/clip09.gif
U html/draco_www/draco/images/dra_con.gif
U html/draco_www/draco/images/draco_levels.gif
U html/draco_www/draco/images/ianim14.gif
U html/draco_www/draco/images/scales.jpg
U html/draco_www/draco/images/sphere_logo.gif
cvs update: Updating html/draco_www/draco/talk
U html/draco_www/draco/talk/IMG_PARAMS.dir
U html/draco_www/draco/talk/IMG_PARAMS.pag
U html/draco_www/draco/talk/foot_motif.gif
U html/draco_www/draco/talk/footnode.html
U html/draco_www/draco/talk/images.aux
U html/draco_www/draco/talk/images.log
U html/draco_www/draco/talk/images.pl
U html/draco_www/draco/talk/images.tex
U html/draco_www/draco/talk/index.html
U html/draco_www/draco/talk/labels.pl
U html/draco_www/draco/talk/next_motif.gif
U html/draco_www/draco/talk/next_motif_gr.gif
U html/draco_www/draco/talk/node1.html
U html/draco_www/draco/talk/previous_motif.gif
U html/draco_www/draco/talk/previous_motif_gr.gif
U html/draco_www/draco/talk/talk.css
U html/draco_www/draco/talk/talk.html
U html/draco_www/draco/talk/up_motif.gif
U html/draco_www/draco/talk/up_motif_gr.gif
cvs update: Updating html/draco_www/draco/talk/l2h13941
U html/draco_www/draco/talk/l2h13941/image001.ps
U html/draco_www/draco/talk/l2h13941/image002.ps
U html/draco_www/draco/talk/l2h13941/image003.ps
cvs update: Updating html/draco_www/draco/talk_art
cvs update: Updating html/draco_www/draco/talk_art/l2h15996
cvs update: Updating html/draco_www/kepler
U html/draco_www/kepler/index.html
cvs update: Updating html/draco_www/mach
U html/draco_www/mach/index.html
cvs update: Updating html/draco_www/milagro
U html/draco_www/milagro/index.html
cvs update: Updating html/draco_www/solon
U html/draco_www/solon/index.html
cvs update: Updating html/draco_www/tycho
U html/draco_www/tycho/index.html
cvs update: Updating src
U src/Makefile.in
U src/configure
U src/configure.in
cvs update: scheduling src/makefile for removal
cvs update: scheduling src/wipenv for removal
cvs update: Updating src/3T
cvs update: scheduling src/3T/.cvsignore for removal
cvs update: scheduling src/3T/CrossSectionMapper.hh for removal
cvs update: scheduling src/3T/Diffusion_P1.cc for removal
cvs update: scheduling src/3T/Diffusion_P1.hh for removal
cvs update: scheduling src/3T/Diffusion_P1.pt for removal
cvs update: scheduling src/3T/Diffusion_XYZ.cc for removal
cvs update: scheduling src/3T/Diffusion_XYZ.hh for removal
cvs update: scheduling src/3T/Diffusion_XYZ.pt for removal
cvs update: scheduling src/3T/MatVec_3T.cc for removal
cvs update: scheduling src/3T/MatVec_3T.hh for removal
cvs update: scheduling src/3T/MatVec_3T.pt for removal
cvs update: scheduling src/3T/OpCrossSectionMapper.hh for removal
cvs update: scheduling src/3T/P13T.hh for removal
cvs update: scheduling src/3T/P13T.t.cc for removal
cvs update: scheduling src/3T/P13TOptions.hh for removal
cvs update: scheduling src/3T/P13T_Mesh_XYZ_pt.cc for removal
cvs update: scheduling src/3T/P1Coeffs.hh for removal
cvs update: scheduling src/3T/P1Coeffs.t.cc for removal
cvs update: scheduling src/3T/PreCond.cc for removal
cvs update: scheduling src/3T/PreCond.hh for removal
cvs update: scheduling src/3T/PreCond.pt for removal
cvs update: scheduling src/3T/makefile for removal
cvs update: Updating src/3T/test
cvs update: scheduling src/3T/test/.cvsignore for removal
cvs update: scheduling src/3T/test/Quad_Params.cc for removal
cvs update: scheduling src/3T/test/Quad_Params.hh for removal
cvs update: scheduling src/3T/test/Quad_Params.nml for removal
cvs update: scheduling src/3T/test/Run_DB.cc for removal
cvs update: scheduling src/3T/test/Run_DB.hh for removal
cvs update: file src/3T/test/Test_3T.cc has been modified, but has been removed in revision new_draco
cvs update: scheduling src/3T/test/Test_3T.hh for removal
cvs update: scheduling src/3T/test/Test_3T.pt for removal
cvs update: file src/3T/test/Test_Prob.cc has been modified, but has been removed in revision new_draco
cvs update: scheduling src/3T/test/Test_Prob.hh for removal
cvs update: scheduling src/3T/test/Trig_Params.cc for removal
cvs update: scheduling src/3T/test/Trig_Params.hh for removal
cvs update: scheduling src/3T/test/Trig_Params.nml for removal
cvs update: scheduling src/3T/test/XYZ_Quadratic.cc for removal
cvs update: scheduling src/3T/test/XYZ_Quadratic.hh for removal
cvs update: scheduling src/3T/test/XYZ_Trigonometric.cc for removal
cvs update: scheduling src/3T/test/XYZ_Trigonometric.hh for removal
cvs update: scheduling src/3T/test/main.cc for removal
cvs update: file src/3T/test/makefile has been modified, but has been removed in revision new_draco
cvs update: scheduling src/3T/test/run.nml for removal
cvs update: scheduling src/3T/test/test.in for removal
cvs update: scheduling src/3T/test/test.in.Quad for removal
cvs update: scheduling src/3T/test/test.in.Trig for removal
cvs update: Updating src/3T/test/slab0.5
cvs update: Updating src/3T/test/slab1.0
cvs update: Updating src/3T/testP13T
cvs update: scheduling src/3T/testP13T/.cvsignore for removal
cvs update: scheduling src/3T/testP13T/GmvDump.hh for removal
cvs update: scheduling src/3T/testP13T/GmvDump.t.cc for removal
cvs update: scheduling src/3T/testP13T/MeshTypeStub.hh for removal
cvs update: scheduling src/3T/testP13T/Mesh_XYZ_IO.cc for removal
cvs update: scheduling src/3T/testP13T/Mesh_XYZ_IO.hh for removal
cvs update: scheduling src/3T/testP13T/P13T.nml for removal
cvs update: scheduling src/3T/testP13T/faces.hh for removal
cvs update: scheduling src/3T/testP13T/main.cc for removal
cvs update: scheduling src/3T/testP13T/makefile for removal
cvs update: scheduling src/3T/testP13T/mrshk1d.dat for removal
cvs update: scheduling src/3T/testP13T/opac.const.inp for removal
cvs update: scheduling src/3T/testP13T/opac.inp for removal
cvs update: scheduling src/3T/testP13T/testFullP13T.cc for removal
cvs update: scheduling src/3T/testP13T/testFullP13T.hh for removal
cvs update: scheduling src/3T/testP13T/testFullP13T.in for removal
cvs update: scheduling src/3T/testP13T/testFullP13T.out for removal
cvs update: scheduling src/3T/testP13T/testFullP13T_DB.cc for removal
cvs update: scheduling src/3T/testP13T/testFullP13T_DB.hh for removal
cvs update: scheduling src/3T/testP13T/testFullP13T_P13T_pt.cc for removal
cvs update: scheduling src/3T/testP13T/testMaterialProps.hh for removal
cvs update: scheduling src/3T/testP13T/testP13T.opac.inp for removal
cvs update: file src/3T/testP13T/utils.cc has been modified, but has been removed in revision new_draco
cvs update: scheduling src/3T/testP13T/utils.hh for removal
cvs update: scheduling src/3T/testP13T/utils.t.cc for removal
cvs update: Updating src/3T/testP13T/slab0.5
cvs update: scheduling src/3T/testP13T/slab0.5/.cvsignore for removal
cvs update: scheduling src/3T/testP13T/slab0.5/testFullP13T.in for removal
cvs update: scheduling src/3T/testP13T/slab0.5/testFullP13T.out for removal
cvs update: Updating src/3T/testP13T/slab1.0
cvs update: scheduling src/3T/testP13T/slab1.0/.cvsignore for removal
cvs update: scheduling src/3T/testP13T/slab1.0/testFullP13T.in for removal
cvs update: scheduling src/3T/testP13T/slab1.0/testFullP13T.out for removal
cvs update: Updating src/P1Diffusion
RCS file: /n/skiathos/radtran/cvsroot/draco/src/P1Diffusion/MatVecP1Diff.cc,v
retrieving revision 1.1
retrieving revision 1.1.2.1
Merging differences between 1.1 and 1.1.2.1 into MatVecP1Diff.cc
cvs update: scheduling src/P1Diffusion/MatVecP1Diff.t.cc for removal
U src/P1Diffusion/MatVecP1Diff.t.hh
RCS file: /n/skiathos/radtran/cvsroot/draco/src/P1Diffusion/MatVecP1Diff_pt.cc,v
retrieving revision 1.1
retrieving revision 1.1.2.1
Merging differences between 1.1 and 1.1.2.1 into MatVecP1Diff_pt.cc
cvs update: scheduling src/P1Diffusion/MatrixP1Diff.cc for removal
cvs update: scheduling src/P1Diffusion/MatrixP1Diff.t.cc for removal
U src/P1Diffusion/MatrixP1Diff.t.hh
RCS file: /n/skiathos/radtran/cvsroot/draco/src/P1Diffusion/MatrixP1Diff_pt.cc,v
retrieving revision 1.1
retrieving revision 1.1.2.1
Merging differences between 1.1 and 1.1.2.1 into MatrixP1Diff_pt.cc
cvs update: scheduling src/P1Diffusion/P1Diffusion.t.cc for removal
U src/P1Diffusion/P1Diffusion.t.hh
RCS file: /n/skiathos/radtran/cvsroot/draco/src/P1Diffusion/P1Diffusion_pt.cc,v
retrieving revision 1.1
retrieving revision 1.1.2.1
Merging differences between 1.1 and 1.1.2.1 into P1Diffusion_pt.cc
cvs update: scheduling src/P1Diffusion/PreCondP1Diff.t.cc for removal
U src/P1Diffusion/PreCondP1Diff.t.hh
RCS file: /n/skiathos/radtran/cvsroot/draco/src/P1Diffusion/PreCondP1Diff_pt.cc,v
retrieving revision 1.1
retrieving revision 1.1.2.1
Merging differences between 1.1 and 1.1.2.1 into PreCondP1Diff_pt.cc
RCS file: /n/skiathos/radtran/cvsroot/draco/src/P1Diffusion/SolverP1Diff.hh,v
retrieving revision 1.2
retrieving revision 1.2.2.1
Merging differences between 1.2 and 1.2.2.1 into SolverP1Diff.hh
cvs update: scheduling src/P1Diffusion/SolverP1Diff.t.cc for removal
U src/P1Diffusion/SolverP1Diff.t.hh
RCS file: /n/skiathos/radtran/cvsroot/draco/src/P1Diffusion/SolverP1Diff_pt.cc,v
retrieving revision 1.1
retrieving revision 1.1.2.1
Merging differences between 1.1 and 1.1.2.1 into SolverP1Diff_pt.cc
U src/P1Diffusion/config.h.in
U src/P1Diffusion/configure
U src/P1Diffusion/configure.in
cvs update: scheduling src/P1Diffusion/makefile for removal
cvs update: Updating src/P1Diffusion/test
U src/P1Diffusion/test/Makefile.misc
RCS file: /n/skiathos/radtran/cvsroot/draco/src/P1Diffusion/test/main.cc,v
retrieving revision 1.1
retrieving revision 1.1.2.1
Merging differences between 1.1 and 1.1.2.1 into main.cc
cvs update: file src/P1Diffusion/test/makefile has been modified, but has been removed in revision new_draco
RCS file: /n/skiathos/radtran/cvsroot/draco/src/P1Diffusion/test/testP1Diffusion.cc,v
retrieving revision 1.1
retrieving revision 1.1.2.1
Merging differences between 1.1 and 1.1.2.1 into testP1Diffusion.cc
RCS file: /n/skiathos/radtran/cvsroot/draco/src/P1Diffusion/test/testP1Diffusion.hh,v
retrieving revision 1.1
retrieving revision 1.1.2.1
Merging differences between 1.1 and 1.1.2.1 into testP1Diffusion.hh
cvs update: scheduling src/P1Diffusion/test/testP1Diffusion.in for removal
U src/P1Diffusion/test/testP1Diffusion.in.in
cvs update: scheduling src/P1Diffusion/test/testP1Diffusion.t.cc for removal
U src/P1Diffusion/test/testP1Diffusion.t.hh
RCS file: /n/skiathos/radtran/cvsroot/draco/src/P1Diffusion/test/testP1Diffusion_pt.cc,v
retrieving revision 1.1
retrieving revision 1.1.2.1
Merging differences between 1.1 and 1.1.2.1 into testP1Diffusion_pt.cc
RCS file: /n/skiathos/radtran/cvsroot/draco/src/P1Diffusion/test/testSolverP1Diff.hh,v
retrieving revision 1.2
retrieving revision 1.2.2.1
Merging differences between 1.2 and 1.2.2.1 into testSolverP1Diff.hh
cvs update: scheduling src/P1Diffusion/test/testSolverP1Diff.t.cc for removal
U src/P1Diffusion/test/testSolverP1Diff.t.hh
cvs update: Updating src/P1Diffusion/test/config
U src/P1Diffusion/test/config/unix.exp
cvs update: Updating src/POOMA_MT
cvs update: Updating src/POOMA_MT/P13T
cvs update: Updating src/POOMA_MT/test
cvs update: Updating src/c4
cvs update: scheduling src/c4/BSwap.cc for removal
RCS file: /n/skiathos/radtran/cvsroot/draco/src/c4/BSwap.hh,v
retrieving revision 1.3
retrieving revision 1.3.2.1
Merging differences between 1.3 and 1.3.2.1 into BSwap.hh
cvs update: scheduling src/c4/BSwap.pt for removal
U src/c4/BSwap.t.hh
U src/c4/BSwap_pt.cc
cvs update: scheduling src/c4/Baton.cc for removal
RCS file: /n/skiathos/radtran/cvsroot/draco/src/c4/Baton.hh,v
retrieving revision 1.2
retrieving revision 1.2.2.1
Merging differences between 1.2 and 1.2.2.1 into Baton.hh
cvs update: scheduling src/c4/Baton.pt for removal
U src/c4/Baton.t.hh
U src/c4/Baton_pt.cc
RCS file: /n/skiathos/radtran/cvsroot/draco/src/c4/C4_Req.cc,v
retrieving revision 1.9
retrieving revision 1.9.2.1
Merging differences between 1.9 and 1.9.2.1 into C4_Req.cc
rcsmerge: warning: conflicts during merge
RCS file: /n/skiathos/radtran/cvsroot/draco/src/c4/C4_Req.hh,v
retrieving revision 1.7
retrieving revision 1.7.2.3
Merging differences between 1.7 and 1.7.2.3 into C4_Req.hh
RCS file: /n/skiathos/radtran/cvsroot/draco/src/c4/NodeInfo.cc,v
retrieving revision 1.2
retrieving revision 1.2.2.1
Merging differences between 1.2 and 1.2.2.1 into NodeInfo.cc
RCS file: /n/skiathos/radtran/cvsroot/draco/src/c4/NodeInfo.hh,v
retrieving revision 1.2
retrieving revision 1.2.2.1
Merging differences between 1.2 and 1.2.2.1 into NodeInfo.hh
RCS file: /n/skiathos/radtran/cvsroot/draco/src/c4/SpinLock.cc,v
retrieving revision 1.3
retrieving revision 1.3.2.1
Merging differences between 1.3 and 1.3.2.1 into SpinLock.cc
RCS file: /n/skiathos/radtran/cvsroot/draco/src/c4/SpinLock.hh,v
retrieving revision 1.2
retrieving revision 1.2.2.1
Merging differences between 1.2 and 1.2.2.1 into SpinLock.hh
RCS file: /n/skiathos/radtran/cvsroot/draco/src/c4/Sync.hh,v
retrieving revision 1.2
retrieving revision 1.2.2.1
Merging differences between 1.2 and 1.2.2.1 into Sync.hh
cvs update: scheduling src/c4/ThreadControl.cc for removal
cvs update: scheduling src/c4/ThreadControl.hh for removal
cvs update: scheduling src/c4/ThreadGroup.cc for removal
cvs update: scheduling src/c4/ThreadGroup.hh for removal
cvs update: scheduling src/c4/ThreadGroupMember.cc for removal
cvs update: scheduling src/c4/ThreadGroupMember.hh for removal
cvs update: scheduling src/c4/ThreadGroupMember.t.cc for removal
U src/c4/c4_mpi.h
U src/c4/c4_shmem.h
cvs update: scheduling src/c4/c4run.cc for removal
U src/c4/config.h.in
RCS file: /n/skiathos/radtran/cvsroot/draco/src/c4/config.hh,v
retrieving revision 1.7
retrieving revision 1.7.2.4
Merging differences between 1.7 and 1.7.2.4 into config.hh
U src/c4/configure
U src/c4/configure.in
RCS file: /n/skiathos/radtran/cvsroot/draco/src/c4/global.cc,v
retrieving revision 1.4
retrieving revision 1.4.2.3
Merging differences between 1.4 and 1.4.2.3 into global.cc
RCS file: /n/skiathos/radtran/cvsroot/draco/src/c4/global.hh,v
retrieving revision 1.12
retrieving revision 1.12.2.3
Merging differences between 1.12 and 1.12.2.3 into global.hh
RCS file: /n/skiathos/radtran/cvsroot/draco/src/c4/global_mpi.cc,v
retrieving revision 1.13
retrieving revision 1.13.2.3
Merging differences between 1.13 and 1.13.2.3 into global_mpi.cc
RCS file: /n/skiathos/radtran/cvsroot/draco/src/c4/global_mpi.hh,v
retrieving revision 1.3
retrieving revision 1.3.2.1
Merging differences between 1.3 and 1.3.2.1 into global_mpi.hh
cvs update: scheduling src/c4/global_nt.cc for removal
RCS file: /n/skiathos/radtran/cvsroot/draco/src/c4/global_nx.cc,v
retrieving revision 1.1
retrieving revision 1.1.2.3
Merging differences between 1.1 and 1.1.2.3 into global_nx.cc
RCS file: /n/skiathos/radtran/cvsroot/draco/src/c4/global_scalar.cc,v
retrieving revision 1.6
retrieving revision 1.6.2.3
Merging differences between 1.6 and 1.6.2.3 into global_scalar.cc
RCS file: /n/skiathos/radtran/cvsroot/draco/src/c4/global_scalar.hh,v
retrieving revision 1.3
retrieving revision 1.3.2.1
Merging differences between 1.3 and 1.3.2.1 into global_scalar.hh
RCS file: /n/skiathos/radtran/cvsroot/draco/src/c4/global_shmem.cc,v
retrieving revision 1.9
retrieving revision 1.9.2.4
Merging differences between 1.9 and 1.9.2.4 into global_shmem.cc
RCS file: /n/skiathos/radtran/cvsroot/draco/src/c4/global_shmem.hh,v
retrieving revision 1.4
retrieving revision 1.4.2.2
Merging differences between 1.4 and 1.4.2.2 into global_shmem.hh
cvs update: scheduling src/c4/makefile for removal
U src/c4/mpi.t.hh
cvs update: scheduling src/c4/mpi_t.cc for removal
RCS file: /n/skiathos/radtran/cvsroot/draco/src/c4/mpi_traits.hh,v
retrieving revision 1.4
retrieving revision 1.4.2.1
Merging differences between 1.4 and 1.4.2.1 into mpi_traits.hh
RCS file: /n/skiathos/radtran/cvsroot/draco/src/c4/shm_reduce.cc,v
retrieving revision 1.4
retrieving revision 1.4.2.4
Merging differences between 1.4 and 1.4.2.4 into shm_reduce.cc
RCS file: /n/skiathos/radtran/cvsroot/draco/src/c4/shmem.hh,v
retrieving revision 1.3
retrieving revision 1.3.2.1
Merging differences between 1.3 and 1.3.2.1 into shmem.hh
U src/c4/shmem.t.hh
RCS file: /n/skiathos/radtran/cvsroot/draco/src/c4/shmem_sr.cc,v
retrieving revision 1.4
retrieving revision 1.4.2.3
Merging differences between 1.4 and 1.4.2.3 into shmem_sr.cc
cvs update: scheduling src/c4/shmem_t.cc for removal
cvs update: scheduling src/c4/tBSwap.cc for removal
cvs update: file src/c4/tReduce.cc has been modified, but has been removed in revision new_draco
cvs update: scheduling src/c4/tSyncAll.cc for removal
RCS file: /n/skiathos/radtran/cvsroot/draco/src/c4/tags.hh,v
retrieving revision 1.3
retrieving revision 1.3.2.3
Merging differences between 1.3 and 1.3.2.3 into tags.hh
cvs update: scheduling src/c4/tgsync.cc for removal
cvs update: scheduling src/c4/tpingpong.cc for removal
cvs update: scheduling src/c4/trdctim.cc for removal
cvs update: file src/c4/tsr.cc has been modified, but has been removed in revision new_draco
cvs update: scheduling src/c4/tsr2.cc for removal
cvs update: scheduling src/c4/ttest.cc for removal
cvs update: scheduling src/c4/tthrd1.cc for removal
cvs update: scheduling src/c4/tthrd2.cc for removal
cvs update: scheduling src/c4/ttime.cc for removal
cvs update: Updating src/c4/test
U src/c4/test/Makefile.target
U src/c4/test/c4run.cc
U src/c4/test/tBSwap.cc
U src/c4/test/tReduce.cc
U src/c4/test/tSyncAll.cc
U src/c4/test/tgsync.cc
U src/c4/test/tpingpong.cc
U src/c4/test/trdctim.cc
U src/c4/test/tsr.cc
U src/c4/test/tsr2.cc
U src/c4/test/ttest.cc
U src/c4/test/tthrd1.cc
U src/c4/test/tthrd2.cc
U src/c4/test/ttime.cc
cvs update: Updating src/c4/test/config
U src/c4/test/config/unix.exp
cvs update: Updating src/c4/test/tBSwap.0
U src/c4/test/tBSwap.0/test.exp
cvs update: Updating src/c4/test/tReduce.0
U src/c4/test/tReduce.0/test.exp
cvs update: Updating src/c4/test/tgsync.0
U src/c4/test/tgsync.0/test.exp
cvs update: Updating src/c4/testsuites
cvs update: scheduling src/c4/testsuites/makefile for removal
cvs update: Updating src/c4/testsuites/c4.tBSwap
cvs update: scheduling src/c4/testsuites/c4.tBSwap/test.exp for removal
cvs update: Updating src/c4/testsuites/c4.tReduce
cvs update: scheduling src/c4/testsuites/c4.tReduce/test.exp for removal
cvs update: Updating src/c4/testsuites/c4.tgsync
cvs update: scheduling src/c4/testsuites/c4.tgsync/test.exp for removal
cvs update: Updating src/c4/threads
U src/c4/threads/ThreadControl.cc
U src/c4/threads/ThreadControl.hh
U src/c4/threads/ThreadGroup.hh
U src/c4/threads/ThreadGroup.t.hh
U src/c4/threads/ThreadGroupMember.cc
U src/c4/threads/ThreadGroupMember.hh
U src/c4/threads/ThreadGroupMember.t.hh
cvs update: Updating src/config
cvs update: scheduling src/config/.cvsignore for removal
cvs update: scheduling src/config/AIX.cf for removal
cvs update: scheduling src/config/IRIX.cf for removal
cvs update: file src/config/IRIX64.cf has been modified, but has been removed in revision new_draco
cvs update: scheduling src/config/Linux.cf for removal
cvs update: scheduling src/config/OSF1.cf for removal
cvs update: scheduling src/config/SunOS.cf for removal
cvs update: scheduling src/config/make.deja for removal
cvs update: scheduling src/config/make.doc for removal
cvs update: scheduling src/config/make.end for removal
cvs update: scheduling src/config/make.lib for removal
cvs update: scheduling src/config/make.pooma for removal
cvs update: scheduling src/config/make.pooma2 for removal
cvs update: scheduling src/config/make.pymod for removal
cvs update: scheduling src/config/make.tests for removal
cvs update: scheduling src/config/makefile for removal
cvs update: scheduling src/config/mctemplate.hh for removal
cvs update: scheduling src/config/template.cc for removal
cvs update: scheduling src/config/template.hh for removal
cvs update: Updating src/dejagnu
cvs update: Updating src/dejagnu/config
cvs update: scheduling src/dejagnu/config/unix.exp for removal
cvs update: Updating src/dejagnu/lib
cvs update: scheduling src/dejagnu/lib/draco.exp for removal
cvs update: Updating src/diffusion
RCS file: /n/skiathos/radtran/cvsroot/draco/src/diffusion/Diffusion_DB.cc,v
retrieving revision 1.1
retrieving revision 1.1.2.1
Merging differences between 1.1 and 1.1.2.1 into Diffusion_DB.cc
U src/diffusion/config.h.in
U src/diffusion/configure
U src/diffusion/configure.in
cvs update: scheduling src/diffusion/makefile for removal
cvs update: Updating src/draco
cvs update: scheduling src/draco/.cvsignore for removal
cvs update: scheduling src/draco/draco.cc for removal
cvs update: scheduling src/draco/draco.hh for removal
cvs update: scheduling src/draco/draco.in for removal
cvs update: scheduling src/draco/draconml.cc for removal
cvs update: scheduling src/draco/draconml.hh for removal
cvs update: scheduling src/draco/main.cc for removal
cvs update: scheduling src/draco/makefile for removal
cvs update: Updating src/ds++
RCS file: /n/skiathos/radtran/cvsroot/draco/src/ds++/Allocators.hh,v
retrieving revision 1.3
retrieving revision 1.3.2.1
Merging differences between 1.3 and 1.3.2.1 into Allocators.hh
RCS file: /n/skiathos/radtran/cvsroot/draco/src/ds++/Assert.hh,v
retrieving revision 1.4
retrieving revision 1.4.2.2
Merging differences between 1.4 and 1.4.2.2 into Assert.hh
cvs update: scheduling src/ds++/DynArray.pt for removal
U src/ds++/DynArray_pt.cc
RCS file: /n/skiathos/radtran/cvsroot/draco/src/ds++/Mat.hh,v
retrieving revision 1.7
retrieving revision 1.7.2.1
Merging differences between 1.7 and 1.7.2.1 into Mat.hh
cvs update: scheduling src/ds++/Sort.pt for removal
U src/ds++/Sort_pt.cc
RCS file: /n/skiathos/radtran/cvsroot/draco/src/ds++/String.cc,v
retrieving revision 1.3
retrieving revision 1.3.2.1
Merging differences between 1.3 and 1.3.2.1 into String.cc
U src/ds++/config.h.in
U src/ds++/configure
U src/ds++/configure.in
cvs update: scheduling src/ds++/makefile for removal
cvs update: scheduling src/ds++/tstAllocators.cc for removal
cvs update: scheduling src/ds++/tstAssert.cc for removal
cvs update: scheduling src/ds++/tstMat.cc for removal
cvs update: scheduling src/ds++/tstSP.cc for removal
cvs update: scheduling src/ds++/tstSort.cc for removal
cvs update: Updating src/ds++/test
U src/ds++/test/Makefile.target
U src/ds++/test/tstAllocators.cc
U src/ds++/test/tstAssert.cc
U src/ds++/test/tstMat.cc
U src/ds++/test/tstSP.cc
U src/ds++/test/tstSort.cc
cvs update: Updating src/ds++/test/config
U src/ds++/test/config/unix.exp
cvs update: Updating src/ds++/test/tstAllocators.0
U src/ds++/test/tstAllocators.0/test.exp
cvs update: Updating src/ds++/test/tstAssert.0
U src/ds++/test/tstAssert.0/test.exp
cvs update: Updating src/ds++/test/tstMat.0
U src/ds++/test/tstMat.0/test.exp
cvs update: Updating src/ds++/test/tstSP.0
U src/ds++/test/tstSP.0/test.exp
cvs update: Updating src/ds++/testsuites
cvs update: scheduling src/ds++/testsuites/makefile for removal
cvs update: Updating src/ds++/testsuites/ds++.Allocators
cvs update: scheduling src/ds++/testsuites/ds++.Allocators/test.exp for removal
cvs update: Updating src/ds++/testsuites/ds++.Assert
cvs update: scheduling src/ds++/testsuites/ds++.Assert/test.exp for removal
cvs update: Updating src/ds++/testsuites/ds++.Mat
cvs update: scheduling src/ds++/testsuites/ds++.Mat/test.exp for removal
cvs update: Updating src/ds++/testsuites/ds++.SP
cvs update: scheduling src/ds++/testsuites/ds++.SP/test.exp for removal
cvs update: Updating src/geom
cvs update: scheduling src/geom/.cvsignore for removal
cvs update: scheduling src/geom/Cartesian1d.cc for removal
cvs update: scheduling src/geom/Cartesian1d.hh for removal
cvs update: scheduling src/geom/makefile for removal
cvs update: Updating src/hydro
cvs update: Updating src/imc
RCS file: /n/skiathos/radtran/cvsroot/draco/src/imc/AMR_Builder.cc,v
retrieving revision 1.3
retrieving revision 1.3.2.1
Merging differences between 1.3 and 1.3.2.1 into AMR_Builder.cc
RCS file: /n/skiathos/radtran/cvsroot/draco/src/imc/AMR_Builder.hh,v
retrieving revision 1.1
retrieving revision 1.1.2.1
Merging differences between 1.1 and 1.1.2.1 into AMR_Builder.hh
RCS file: /n/skiathos/radtran/cvsroot/draco/src/imc/AMR_Interface.cc,v
retrieving revision 1.12
retrieving revision 1.12.2.1
Merging differences between 1.12 and 1.12.2.1 into AMR_Interface.cc
RCS file: /n/skiathos/radtran/cvsroot/draco/src/imc/AMR_Interface.hh,v
retrieving revision 1.12
retrieving revision 1.12.2.1
Merging differences between 1.12 and 1.12.2.1 into AMR_Interface.hh
RCS file: /n/skiathos/radtran/cvsroot/draco/src/imc/AMR_Layout.cc,v
retrieving revision 1.2
retrieving revision 1.2.2.1
Merging differences between 1.2 and 1.2.2.1 into AMR_Layout.cc
RCS file: /n/skiathos/radtran/cvsroot/draco/src/imc/AMR_Layout.hh,v
retrieving revision 1.2
retrieving revision 1.2.2.2
Merging differences between 1.2 and 1.2.2.2 into AMR_Layout.hh
cvs update: file src/imc/Communicator.cc has been modified, but has been removed in revision new_draco
RCS file: /n/skiathos/radtran/cvsroot/draco/src/imc/Communicator.hh,v
retrieving revision 1.5
retrieving revision 1.5.2.1
Merging differences between 1.5 and 1.5.2.1 into Communicator.hh
cvs update: scheduling src/imc/Communicator.pt for removal
U src/imc/Communicator.t.hh
U src/imc/Communicator_pt.cc
RCS file: /n/skiathos/radtran/cvsroot/draco/src/imc/Constants.hh,v
retrieving revision 1.12
retrieving revision 1.12.2.1
Merging differences between 1.12 and 1.12.2.1 into Constants.hh
RCS file: /n/skiathos/radtran/cvsroot/draco/src/imc/Coord_sys.cc,v
retrieving revision 1.10
retrieving revision 1.10.2.1
Merging differences between 1.10 and 1.10.2.1 into Coord_sys.cc
RCS file: /n/skiathos/radtran/cvsroot/draco/src/imc/Coord_sys.hh,v
retrieving revision 1.17
retrieving revision 1.17.2.1
Merging differences between 1.17 and 1.17.2.1 into Coord_sys.hh
RCS file: /n/skiathos/radtran/cvsroot/draco/src/imc/Global.cc,v
retrieving revision 1.3
retrieving revision 1.3.2.1
Merging differences between 1.3 and 1.3.2.1 into Global.cc
RCS file: /n/skiathos/radtran/cvsroot/draco/src/imc/Global.hh,v
retrieving revision 1.8
retrieving revision 1.8.2.1
Merging differences between 1.8 and 1.8.2.1 into Global.hh
cvs update: scheduling src/imc/Global_Tally.cc for removal
RCS file: /n/skiathos/radtran/cvsroot/draco/src/imc/Global_Tally.hh,v
retrieving revision 1.5
retrieving revision 1.5.2.1
Merging differences between 1.5 and 1.5.2.1 into Global_Tally.hh
cvs update: scheduling src/imc/Global_Tally.pt for removal
U src/imc/Global_Tally.t.hh
U src/imc/Global_Tally_pt.cc
cvs update: scheduling src/imc/Host_Manager.cc for removal
RCS file: /n/skiathos/radtran/cvsroot/draco/src/imc/Host_Manager.hh,v
retrieving revision 1.4
retrieving revision 1.4.2.1
Merging differences between 1.4 and 1.4.2.1 into Host_Manager.hh
cvs update: scheduling src/imc/Host_Manager.pt for removal
U src/imc/Host_Manager.t.hh
U src/imc/Host_Manager_pt.cc
cvs update: file src/imc/IMC_Manager.cc has been modified, but has been removed in revision new_draco
RCS file: /n/skiathos/radtran/cvsroot/draco/src/imc/IMC_Manager.hh,v
retrieving revision 1.4
retrieving revision 1.4.2.1
Merging differences between 1.4 and 1.4.2.1 into IMC_Manager.hh
cvs update: scheduling src/imc/IMC_Manager.pt for removal
U src/imc/IMC_Manager.t.hh
U src/imc/IMC_Manager_pt.cc
RCS file: /n/skiathos/radtran/cvsroot/draco/src/imc/Layout.cc,v
retrieving revision 1.9
retrieving revision 1.9.2.1
Merging differences between 1.9 and 1.9.2.1 into Layout.cc
RCS file: /n/skiathos/radtran/cvsroot/draco/src/imc/Layout.hh,v
retrieving revision 1.11
retrieving revision 1.11.2.1
Merging differences between 1.11 and 1.11.2.1 into Layout.hh
cvs update: scheduling src/imc/Mat_State.cc for removal
RCS file: /n/skiathos/radtran/cvsroot/draco/src/imc/Mat_State.hh,v
retrieving revision 1.13
retrieving revision 1.13.2.1
Merging differences between 1.13 and 1.13.2.1 into Mat_State.hh
cvs update: scheduling src/imc/Mat_State.pt for removal
U src/imc/Mat_State.t.hh
U src/imc/Mat_State_pt.cc
RCS file: /n/skiathos/radtran/cvsroot/draco/src/imc/Math.hh,v
retrieving revision 1.6
retrieving revision 1.6.2.1
Merging differences between 1.6 and 1.6.2.1 into Math.hh
RCS file: /n/skiathos/radtran/cvsroot/draco/src/imc/OS_Builder.cc,v
retrieving revision 1.20
retrieving revision 1.20.2.1
Merging differences between 1.20 and 1.20.2.1 into OS_Builder.cc
RCS file: /n/skiathos/radtran/cvsroot/draco/src/imc/OS_Builder.hh,v
retrieving revision 1.16
retrieving revision 1.16.2.1
Merging differences between 1.16 and 1.16.2.1 into OS_Builder.hh
RCS file: /n/skiathos/radtran/cvsroot/draco/src/imc/OS_Interface.cc,v
retrieving revision 1.19
retrieving revision 1.19.2.1
Merging differences between 1.19 and 1.19.2.1 into OS_Interface.cc
RCS file: /n/skiathos/radtran/cvsroot/draco/src/imc/OS_Interface.hh,v
retrieving revision 1.18
retrieving revision 1.18.2.1
Merging differences between 1.18 and 1.18.2.1 into OS_Interface.hh
RCS file: /n/skiathos/radtran/cvsroot/draco/src/imc/OS_Mesh.cc,v
retrieving revision 1.25
retrieving revision 1.25.2.1
Merging differences between 1.25 and 1.25.2.1 into OS_Mesh.cc
RCS file: /n/skiathos/radtran/cvsroot/draco/src/imc/OS_Mesh.hh,v
retrieving revision 1.45
retrieving revision 1.45.2.1
Merging differences between 1.45 and 1.45.2.1 into OS_Mesh.hh
cvs update: scheduling src/imc/Opacity.cc for removal
RCS file: /n/skiathos/radtran/cvsroot/draco/src/imc/Opacity.hh,v
retrieving revision 1.17
retrieving revision 1.17.2.1
Merging differences between 1.17 and 1.17.2.1 into Opacity.hh
cvs update: scheduling src/imc/Opacity.pt for removal
U src/imc/Opacity.t.hh
cvs update: scheduling src/imc/Opacity_Builder.cc for removal
RCS file: /n/skiathos/radtran/cvsroot/draco/src/imc/Opacity_Builder.hh,v
retrieving revision 1.15
retrieving revision 1.15.2.1
Merging differences between 1.15 and 1.15.2.1 into Opacity_Builder.hh
cvs update: scheduling src/imc/Opacity_Builder.pt for removal
U src/imc/Opacity_Builder.t.hh
U src/imc/Opacity_Builder_pt.cc
U src/imc/Opacity_pt.cc
cvs update: file src/imc/Parallel_Builder.cc has been modified, but has been removed in revision new_draco
RCS file: /n/skiathos/radtran/cvsroot/draco/src/imc/Parallel_Builder.hh,v
retrieving revision 1.33
retrieving revision 1.33.2.1
Merging differences between 1.33 and 1.33.2.1 into Parallel_Builder.hh
cvs update: scheduling src/imc/Parallel_Builder.pt for removal
U src/imc/Parallel_Builder.t.hh
U src/imc/Parallel_Builder_pt.cc
cvs update: scheduling src/imc/Parallel_Source_Init.cc for removal
RCS file: /n/skiathos/radtran/cvsroot/draco/src/imc/Parallel_Source_Init.hh,v
retrieving revision 1.8
retrieving revision 1.8.2.1
Merging differences between 1.8 and 1.8.2.1 into Parallel_Source_Init.hh
cvs update: scheduling src/imc/Parallel_Source_Init.pt for removal
U src/imc/Parallel_Source_Init.t.hh
U src/imc/Parallel_Source_Init_pt.cc
cvs update: scheduling src/imc/Particle.cc for removal
RCS file: /n/skiathos/radtran/cvsroot/draco/src/imc/Particle.hh,v
retrieving revision 1.37
retrieving revision 1.37.2.2
Merging differences between 1.37 and 1.37.2.2 into Particle.hh
U src/imc/Particle.t.hh
cvs update: file src/imc/Particle_Buffer.cc has been modified, but has been removed in revision new_draco
RCS file: /n/skiathos/radtran/cvsroot/draco/src/imc/Particle_Buffer.hh,v
retrieving revision 1.21
retrieving revision 1.21.2.1
Merging differences between 1.21 and 1.21.2.1 into Particle_Buffer.hh
cvs update: scheduling src/imc/Particle_Buffer.pt for removal
U src/imc/Particle_Buffer.t.hh
U src/imc/Particle_Buffer_pt.cc
U src/imc/Particle_pt.cc
cvs update: scheduling src/imc/Source.cc for removal
RCS file: /n/skiathos/radtran/cvsroot/draco/src/imc/Source.hh,v
retrieving revision 1.14
retrieving revision 1.14.2.1
Merging differences between 1.14 and 1.14.2.1 into Source.hh
cvs update: scheduling src/imc/Source.pt for removal
U src/imc/Source.t.hh
cvs update: scheduling src/imc/Source_Init.cc for removal
RCS file: /n/skiathos/radtran/cvsroot/draco/src/imc/Source_Init.hh,v
retrieving revision 1.31
retrieving revision 1.31.2.1
Merging differences between 1.31 and 1.31.2.1 into Source_Init.hh
cvs update: scheduling src/imc/Source_Init.pt for removal
U src/imc/Source_Init.t.hh
U src/imc/Source_Init_pt.cc
U src/imc/Source_pt.cc
cvs update: scheduling src/imc/Tally.cc for removal
RCS file: /n/skiathos/radtran/cvsroot/draco/src/imc/Tally.hh,v
retrieving revision 1.12
retrieving revision 1.12.2.1
Merging differences between 1.12 and 1.12.2.1 into Tally.hh
cvs update: scheduling src/imc/Tally.pt for removal
U src/imc/Tally.t.hh
U src/imc/Tally_pt.cc
RCS file: /n/skiathos/radtran/cvsroot/draco/src/imc/XYCoord_sys.hh,v
retrieving revision 1.16
retrieving revision 1.16.2.1
Merging differences between 1.16 and 1.16.2.1 into XYCoord_sys.hh
RCS file: /n/skiathos/radtran/cvsroot/draco/src/imc/XYZCoord_sys.hh,v
retrieving revision 1.14
retrieving revision 1.14.2.1
Merging differences between 1.14 and 1.14.2.1 into XYZCoord_sys.hh
U src/imc/config.h.in
U src/imc/configure
U src/imc/configure.in
cvs update: scheduling src/imc/makefile for removal
cvs update: Updating src/imc/test
U src/imc/test/Makefile.target
cvs update: scheduling src/imc/test/makefile for removal
RCS file: /n/skiathos/radtran/cvsroot/draco/src/imc/test/testamr.cc,v
retrieving revision 1.3
retrieving revision 1.3.2.1
Merging differences between 1.3 and 1.3.2.1 into testamr.cc
RCS file: /n/skiathos/radtran/cvsroot/draco/src/imc/test/testap.cc,v
retrieving revision 1.3
retrieving revision 1.3.2.1
Merging differences between 1.3 and 1.3.2.1 into testap.cc
cvs update: scheduling src/imc/test/testinp for removal
U src/imc/test/testinp.in
RCS file: /n/skiathos/radtran/cvsroot/draco/src/imc/test/testp.cc,v
retrieving revision 1.19
retrieving revision 1.19.2.1
Merging differences between 1.19 and 1.19.2.1 into testp.cc
RCS file: /n/skiathos/radtran/cvsroot/draco/src/imc/test/tests.cc,v
retrieving revision 1.1
retrieving revision 1.1.2.1
Merging differences between 1.1 and 1.1.2.1 into tests.cc
RCS file: /n/skiathos/radtran/cvsroot/draco/src/imc/test/testtop.cc,v
retrieving revision 1.1
retrieving revision 1.1.2.1
Merging differences between 1.1 and 1.1.2.1 into testtop.cc
cvs update: Updating src/imc/test/config
U src/imc/test/config/unix.exp
cvs update: Updating src/linalg
cvs update: scheduling src/linalg/Banded_Matrix.cc for removal
U src/linalg/Banded_Matrix.t.hh
cvs update: scheduling src/linalg/PCG_Ctrl.cc for removal
RCS file: /n/skiathos/radtran/cvsroot/draco/src/linalg/PCG_Ctrl.hh,v
retrieving revision 1.4
retrieving revision 1.4.2.1
Merging differences between 1.4 and 1.4.2.1 into PCG_Ctrl.hh
cvs update: scheduling src/linalg/PCG_Ctrl.pt for removal
U src/linalg/PCG_Ctrl.t.hh
U src/linalg/PCG_Ctrl_pt.cc
RCS file: /n/skiathos/radtran/cvsroot/draco/src/linalg/PCG_Subroutines.cc,v
retrieving revision 1.3
retrieving revision 1.3.2.1
Merging differences between 1.3 and 1.3.2.1 into PCG_Subroutines.cc
RCS file: /n/skiathos/radtran/cvsroot/draco/src/linalg/PCG_Subroutines.hh,v
retrieving revision 1.4
retrieving revision 1.4.2.1
Merging differences between 1.4 and 1.4.2.1 into PCG_Subroutines.hh
U src/linalg/config.h.in
U src/linalg/configure
U src/linalg/configure.in
cvs update: scheduling src/linalg/makefile for removal
RCS file: /n/skiathos/radtran/cvsroot/draco/src/linalg/pcg_DB.cc,v
retrieving revision 1.2
retrieving revision 1.2.2.1
Merging differences between 1.2 and 1.2.2.1 into pcg_DB.cc
RCS file: /n/skiathos/radtran/cvsroot/draco/src/linalg/pcg_DB.hh,v
retrieving revision 1.3
retrieving revision 1.3.2.1
Merging differences between 1.3 and 1.3.2.1 into pcg_DB.hh
cvs update: scheduling src/linalg/pcg_DB.prs for removal
cvs update: scheduling src/linalg/tBandMat.cc for removal
cvs update: Updating src/linalg/test
U src/linalg/test/Makefile.misc
RCS file: /n/skiathos/radtran/cvsroot/draco/src/linalg/test/TstPCG.cc,v
retrieving revision 1.2
retrieving revision 1.2.2.2
Merging differences between 1.2 and 1.2.2.2 into TstPCG.cc
cvs update: scheduling src/linalg/test/TstPCG.in for removal
U src/linalg/test/TstPCG.in.in
cvs update: scheduling src/linalg/test/TstPCG_MatVec.cc for removal
RCS file: /n/skiathos/radtran/cvsroot/draco/src/linalg/test/TstPCG_MatVec.hh,v
retrieving revision 1.1
retrieving revision 1.1.2.1
Merging differences between 1.1 and 1.1.2.1 into TstPCG_MatVec.hh
cvs update: scheduling src/linalg/test/TstPCG_MatVec.pt for removal
U src/linalg/test/TstPCG_MatVec.t.hh
U src/linalg/test/TstPCG_MatVec_pt.cc
cvs update: scheduling src/linalg/test/TstPCG_PreCond.cc for removal
RCS file: /n/skiathos/radtran/cvsroot/draco/src/linalg/test/TstPCG_PreCond.hh,v
retrieving revision 1.1
retrieving revision 1.1.2.1
Merging differences between 1.1 and 1.1.2.1 into TstPCG_PreCond.hh
U src/linalg/test/TstPCG_PreCond.t.hh
U src/linalg/test/TstPCG_PreCond_pt.cc
cvs update: scheduling src/linalg/test/makefile for removal
RCS file: /n/skiathos/radtran/cvsroot/draco/src/linalg/test/tstpcg_DB.cc,v
retrieving revision 1.1
retrieving revision 1.1.2.1
Merging differences between 1.1 and 1.1.2.1 into tstpcg_DB.cc
RCS file: /n/skiathos/radtran/cvsroot/draco/src/linalg/test/tstpcg_DB.hh,v
retrieving revision 1.1
retrieving revision 1.1.2.1
Merging differences between 1.1 and 1.1.2.1 into tstpcg_DB.hh
cvs update: Updating src/linalg/test/TstPCG.0
U src/linalg/test/TstPCG.0/test.exp
cvs update: Updating src/linalg/test/config
U src/linalg/test/config/unix.exp
cvs update: Updating src/linalg/testsuites
cvs update: scheduling src/linalg/testsuites/makefile for removal
cvs update: Updating src/linalg/testsuites/linalg.0
cvs update: scheduling src/linalg/testsuites/linalg.0/tBandMat.exp for removal
cvs update: Updating src/matprops
RCS file: /n/skiathos/radtran/cvsroot/draco/src/matprops/BilinearInterpGrid.cc,v
retrieving revision 1.3
retrieving revision 1.3.2.1
Merging differences between 1.3 and 1.3.2.1 into BilinearInterpGrid.cc
RCS file: /n/skiathos/radtran/cvsroot/draco/src/matprops/BilinearInterpTable.cc,v
retrieving revision 1.6
retrieving revision 1.6.2.1
Merging differences between 1.6 and 1.6.2.1 into BilinearInterpTable.cc
RCS file: /n/skiathos/radtran/cvsroot/draco/src/matprops/BilinearInterpTable.hh,v
retrieving revision 1.6
retrieving revision 1.6.2.1
Merging differences between 1.6 and 1.6.2.1 into BilinearInterpTable.hh
RCS file: /n/skiathos/radtran/cvsroot/draco/src/matprops/FifiMatPropsReader.cc,v
retrieving revision 1.8
retrieving revision 1.8.2.1
Merging differences between 1.8 and 1.8.2.1 into FifiMatPropsReader.cc
RCS file: /n/skiathos/radtran/cvsroot/draco/src/matprops/FifiMatPropsReader.hh,v
retrieving revision 1.6
retrieving revision 1.6.2.1
Merging differences between 1.6 and 1.6.2.1 into FifiMatPropsReader.hh
RCS file: /n/skiathos/radtran/cvsroot/draco/src/matprops/FifiParser.cc,v
retrieving revision 1.5
retrieving revision 1.5.2.1
Merging differences between 1.5 and 1.5.2.1 into FifiParser.cc
RCS file: /n/skiathos/radtran/cvsroot/draco/src/matprops/InterpedMaterialProps.cc,v
retrieving revision 1.14
retrieving revision 1.14.2.1
Merging differences between 1.14 and 1.14.2.1 into InterpedMaterialProps.cc
RCS file: /n/skiathos/radtran/cvsroot/draco/src/matprops/InterpedMaterialProps.hh,v
retrieving revision 1.19
retrieving revision 1.19.2.1
Merging differences between 1.19 and 1.19.2.1 into InterpedMaterialProps.hh
cvs update: scheduling src/matprops/InterpedMaterialProps.t.cc for removal
U src/matprops/InterpedMaterialProps.t.hh
RCS file: /n/skiathos/radtran/cvsroot/draco/src/matprops/InterpedMaterialProps_pt.cc,v
retrieving revision 1.1
retrieving revision 1.1.2.1
Merging differences between 1.1 and 1.1.2.1 into InterpedMaterialProps_pt.cc
RCS file: /n/skiathos/radtran/cvsroot/draco/src/matprops/MarshakMaterialProps_pt.cc,v
retrieving revision 1.1
retrieving revision 1.1.2.1
Merging differences between 1.1 and 1.1.2.1 into MarshakMaterialProps_pt.cc
cvs update: scheduling src/matprops/MultiMatCellMatProps.t.cc for removal
U src/matprops/MultiMatCellMatProps.t.hh
cvs update: scheduling src/matprops/TempMapper.cc for removal
cvs update: scheduling src/matprops/TempMapper.t.cc for removal
U src/matprops/TempMapper.t.hh
RCS file: /n/skiathos/radtran/cvsroot/draco/src/matprops/TempMapper_pt.cc,v
retrieving revision 1.2
retrieving revision 1.2.2.1
Merging differences between 1.2 and 1.2.2.1 into TempMapper_pt.cc
U src/matprops/config.h.in
U src/matprops/configure
U src/matprops/configure.in
cvs update: scheduling src/matprops/makefile for removal
cvs update: Updating src/matprops/test
U src/matprops/test/Makefile.misc
cvs update: scheduling src/matprops/test/TestMatPropReader.cc for removal
cvs update: scheduling src/matprops/test/TestMatPropReader.hh for removal
RCS file: /n/skiathos/radtran/cvsroot/draco/src/matprops/test/main.cc,v
retrieving revision 1.4
retrieving revision 1.4.2.2
Merging differences between 1.4 and 1.4.2.2 into main.cc
cvs update: scheduling src/matprops/test/makefile for removal
RCS file: /n/skiathos/radtran/cvsroot/draco/src/matprops/test/testBilin.cc,v
retrieving revision 1.7
retrieving revision 1.7.2.1
Merging differences between 1.7 and 1.7.2.1 into testBilin.cc
RCS file: /n/skiathos/radtran/cvsroot/draco/src/matprops/test/testMatProp.cc,v
retrieving revision 1.8
retrieving revision 1.8.2.1
Merging differences between 1.8 and 1.8.2.1 into testMatProp.cc
cvs update: scheduling src/matprops/test/testMatProp.inp for removal
U src/matprops/test/testMatProp.inp.in
RCS file: /n/skiathos/radtran/cvsroot/draco/src/matprops/test/testMatProp_pt.cc,v
retrieving revision 1.6
retrieving revision 1.6.2.2
Merging differences between 1.6 and 1.6.2.2 into testMatProp_pt.cc
RCS file: /n/skiathos/radtran/cvsroot/draco/src/matprops/test/testMmcMatProp.cc,v
retrieving revision 1.7
retrieving revision 1.7.2.2
Merging differences between 1.7 and 1.7.2.2 into testMmcMatProp.cc
rcsmerge: warning: conflicts during merge
cvs update: scheduling src/matprops/test/testMmcMatProp.opac.inp for removal
U src/matprops/test/testMmcMatProp.opac.inp.in
cvs update: scheduling src/matprops/test/testMmcMatProp.t.cc for removal
U src/matprops/test/testMmcMatProp.t.hh
RCS file: /n/skiathos/radtran/cvsroot/draco/src/matprops/test/testMmcMatProp_pt.cc,v
retrieving revision 1.6
retrieving revision 1.6.2.2
Merging differences between 1.6 and 1.6.2.2 into testMmcMatProp_pt.cc
cvs update: Updating src/matprops/test/config
U src/matprops/test/config/unix.exp
cvs update: Updating src/matprops/test/matprops.0
U src/matprops/test/matprops.0/test.exp
cvs update: Updating src/matprops/test/testsuites
cvs update: scheduling src/matprops/test/testsuites/makefile for removal
cvs update: Updating src/matprops/test/testsuites/matprops.1
cvs update: scheduling src/matprops/test/testsuites/matprops.1/test.exp for removal
cvs update: Updating src/mesh
cvs update: scheduling src/mesh/K_Mesh.cc for removal
cvs update: scheduling src/mesh/K_Mesh.pt for removal
U src/mesh/K_Mesh.t.hh
RCS file: /n/skiathos/radtran/cvsroot/draco/src/mesh/K_Mesh_DB.cc,v
retrieving revision 1.1
retrieving revision 1.1.2.1
Merging differences between 1.1 and 1.1.2.1 into K_Mesh_DB.cc
U src/mesh/K_Mesh_pt.cc
U src/mesh/Makefile.srcs
RCS file: /n/skiathos/radtran/cvsroot/draco/src/mesh/Mesh_DB.cc,v
retrieving revision 1.1
retrieving revision 1.1.2.1
Merging differences between 1.1 and 1.1.2.1 into Mesh_DB.cc
RCS file: /n/skiathos/radtran/cvsroot/draco/src/mesh/Mesh_XYZ.cc,v
retrieving revision 1.18
retrieving revision 1.18.2.2
Merging differences between 1.18 and 1.18.2.2 into Mesh_XYZ.cc
RCS file: /n/skiathos/radtran/cvsroot/draco/src/mesh/Mesh_XYZ.hh,v
retrieving revision 1.49
retrieving revision 1.49.2.2
Merging differences between 1.49 and 1.49.2.2 into Mesh_XYZ.hh
cvs update: file src/mesh/Mesh_XYZ.t.cc has been modified, but has been removed in revision new_draco
U src/mesh/Mesh_XYZ.t.hh
U src/mesh/config.h.in
U src/mesh/configure
U src/mesh/configure.in
cvs update: file src/mesh/makefile has been modified, but has been removed in revision new_draco
cvs update: scheduling src/mesh/test.in for removal
cvs update: file src/mesh/txyz.cc has been modified, but has been removed in revision new_draco
cvs update: Updating src/mesh/test
U src/mesh/test/Makefile.misc
U src/mesh/test/Makefile.target
U src/mesh/test/tbstf.cc
U src/mesh/test/tcctf.cc
U src/mesh/test/test.in.in
U src/mesh/test/tfcdtf.cc
U src/mesh/test/tnctf.cc
U src/mesh/test/tvctf.cc
U src/mesh/test/txyz.cc
cvs update: Updating src/mesh/test/config
U src/mesh/test/config/unix.exp
cvs update: Updating src/mesh/test/tbstf.0
U src/mesh/test/tbstf.0/test.exp
cvs update: Updating src/mesh/test/tcctf.0
U src/mesh/test/tcctf.0/test.exp
cvs update: Updating src/mesh/test/tfcdtf.0
U src/mesh/test/tfcdtf.0/test.exp
cvs update: Updating src/mesh/test/tnctf.0
U src/mesh/test/tnctf.0/test.exp
cvs update: Updating src/mesh/test/tvctf.0
U src/mesh/test/tvctf.0/test.exp
cvs update: Updating src/mesh/test/txyz.0
U src/mesh/test/txyz.0/test.exp
cvs update: Updating src/mesh/testsuites
cvs update: Updating src/mesh/testsuites/mesh.1
cvs update: Updating src/nml
RCS file: /n/skiathos/radtran/cvsroot/draco/src/nml/Block.cc,v
retrieving revision 1.4
retrieving revision 1.4.2.1
Merging differences between 1.4 and 1.4.2.1 into Block.cc
RCS file: /n/skiathos/radtran/cvsroot/draco/src/nml/Block.hh,v
retrieving revision 1.4
retrieving revision 1.4.2.1
Merging differences between 1.4 and 1.4.2.1 into Block.hh
RCS file: /n/skiathos/radtran/cvsroot/draco/src/nml/Callback.hh,v
retrieving revision 1.2
retrieving revision 1.2.2.1
Merging differences between 1.2 and 1.2.2.1 into Callback.hh
RCS file: /n/skiathos/radtran/cvsroot/draco/src/nml/Group.cc,v
retrieving revision 1.4
retrieving revision 1.4.2.1
Merging differences between 1.4 and 1.4.2.1 into Group.cc
RCS file: /n/skiathos/radtran/cvsroot/draco/src/nml/Group.hh,v
retrieving revision 1.3
retrieving revision 1.3.2.1
Merging differences between 1.3 and 1.3.2.1 into Group.hh
RCS file: /n/skiathos/radtran/cvsroot/draco/src/nml/Item.cc,v
retrieving revision 1.3
retrieving revision 1.3.2.1
Merging differences between 1.3 and 1.3.2.1 into Item.cc
RCS file: /n/skiathos/radtran/cvsroot/draco/src/nml/Item.hh,v
retrieving revision 1.4
retrieving revision 1.4.2.1
Merging differences between 1.4 and 1.4.2.1 into Item.hh
RCS file: /n/skiathos/radtran/cvsroot/draco/src/nml/Items.cc,v
retrieving revision 1.3
retrieving revision 1.3.2.1
Merging differences between 1.3 and 1.3.2.1 into Items.cc
RCS file: /n/skiathos/radtran/cvsroot/draco/src/nml/Items.hh,v
retrieving revision 1.3
retrieving revision 1.3.2.1
Merging differences between 1.3 and 1.3.2.1 into Items.hh
U src/nml/Makefile.srcs
RCS file: /n/skiathos/radtran/cvsroot/draco/src/nml/TraceInfo.cc,v
retrieving revision 1.1
retrieving revision 1.1.2.1
Merging differences between 1.1 and 1.1.2.1 into TraceInfo.cc
RCS file: /n/skiathos/radtran/cvsroot/draco/src/nml/TraceInfo.hh,v
retrieving revision 1.1
retrieving revision 1.1.2.1
Merging differences between 1.1 and 1.1.2.1 into TraceInfo.hh
U src/nml/configure
U src/nml/configure.in
cvs update: scheduling src/nml/makefile for removal
RCS file: /n/skiathos/radtran/cvsroot/draco/src/nml/nmistream.cc,v
retrieving revision 1.3
retrieving revision 1.3.2.1
Merging differences between 1.3 and 1.3.2.1 into nmistream.cc
RCS file: /n/skiathos/radtran/cvsroot/draco/src/nml/nmitcl.cc,v
retrieving revision 1.1
retrieving revision 1.1.2.1
Merging differences between 1.1 and 1.1.2.1 into nmitcl.cc
RCS file: /n/skiathos/radtran/cvsroot/draco/src/nml/nmitcl.hh,v
retrieving revision 1.1
retrieving revision 1.1.2.1
Merging differences between 1.1 and 1.1.2.1 into nmitcl.hh
RCS file: /n/skiathos/radtran/cvsroot/draco/src/nml/nmostream.cc,v
retrieving revision 1.3
retrieving revision 1.3.2.1
Merging differences between 1.3 and 1.3.2.1 into nmostream.cc
RCS file: /n/skiathos/radtran/cvsroot/draco/src/nml/nmstream.hh,v
retrieving revision 1.2
retrieving revision 1.2.2.1
Merging differences between 1.2 and 1.2.2.1 into nmstream.hh
RCS file: /n/skiathos/radtran/cvsroot/draco/src/nml/nmtest.cc,v
retrieving revision 1.1
retrieving revision 1.1.2.1
Merging differences between 1.1 and 1.1.2.1 into nmtest.cc
RCS file: /n/skiathos/radtran/cvsroot/draco/src/nml/oldtest.cc,v
retrieving revision 1.1
retrieving revision 1.1.2.1
Merging differences between 1.1 and 1.1.2.1 into oldtest.cc
cvs update: Updating src/pycxx
cvs update: scheduling src/pycxx/.cvsignore for removal
cvs update: scheduling src/pycxx/CXX_Exception.h for removal
cvs update: scheduling src/pycxx/CXX_Extensions.h for removal
cvs update: scheduling src/pycxx/CXX_Invoke.cc for removal
cvs update: scheduling src/pycxx/CXX_Invoke.hh for removal
cvs update: scheduling src/pycxx/CXX_Objects.h for removal
cvs update: scheduling src/pycxx/PyX_Args.hh for removal
cvs update: scheduling src/pycxx/PyX_Module.hh for removal
cvs update: scheduling src/pycxx/PythonX.hh for removal
cvs update: scheduling src/pycxx/cxxextensions.cc for removal
cvs update: scheduling src/pycxx/cxxmodule.cc for removal
cvs update: scheduling src/pycxx/makefile for removal
cvs update: Updating src/pydraco
cvs update: scheduling src/pydraco/.cvsignore for removal
cvs update: scheduling src/pydraco/adfilemodule.cc for removal
cvs update: scheduling src/pydraco/cxxtstmodule.cc for removal
cvs update: scheduling src/pydraco/makefile for removal
cvs update: scheduling src/pydraco/pydraco.cc for removal
cvs update: Updating src/pylib
cvs update: scheduling src/pylib/.cvsignore for removal
cvs update: scheduling src/pylib/ADFX.py for removal
cvs update: scheduling src/pylib/adfx for removal
cvs update: Updating src/radphys
RCS file: /n/skiathos/radtran/cvsroot/draco/src/radphys/RadiationPhysics.cc,v
retrieving revision 1.8
retrieving revision 1.8.2.1
Merging differences between 1.8 and 1.8.2.1 into RadiationPhysics.cc
cvs update: scheduling src/radphys/RadiationPhysics.t.cc for removal
U src/radphys/RadiationPhysics.t.hh
U src/radphys/config.h.in
U src/radphys/configure
U src/radphys/configure.in
cvs update: scheduling src/radphys/makefile for removal
RCS file: /n/skiathos/radtran/cvsroot/draco/src/radphys/radphys_pt.cc,v
retrieving revision 1.1
retrieving revision 1.1.2.1
Merging differences between 1.1 and 1.1.2.1 into radphys_pt.cc
cvs update: Updating src/radphys/test
cvs update: scheduling src/radphys/test/makefile for removal
RCS file: /n/skiathos/radtran/cvsroot/draco/src/radphys/test/testRadPhys.cc,v
retrieving revision 1.1
retrieving revision 1.1.2.1
Merging differences between 1.1 and 1.1.2.1 into testRadPhys.cc
RCS file: /n/skiathos/radtran/cvsroot/draco/src/radphys/test/testRadPhys_pt.cc,v
retrieving revision 1.2
retrieving revision 1.2.2.1
Merging differences between 1.2 and 1.2.2.1 into testRadPhys_pt.cc
RCS file: /n/skiathos/radtran/cvsroot/draco/src/radphys/test/testRadPhys_pt.hh,v
retrieving revision 1.1
retrieving revision 1.1.2.1
Merging differences between 1.1 and 1.1.2.1 into testRadPhys_pt.hh
RCS file: /n/skiathos/radtran/cvsroot/draco/src/radphys/test/vectorops.cc,v
retrieving revision 1.1
retrieving revision 1.1.2.1
Merging differences between 1.1 and 1.1.2.1 into vectorops.cc
cvs update: Updating src/radphys/test/config
U src/radphys/test/config/unix.exp
cvs update: Updating src/radphys/test/testRadPhys.0
U src/radphys/test/testRadPhys.0/test.exp
cvs update: Updating src/rng
RCS file: /n/skiathos/radtran/cvsroot/draco/src/rng/Random.cc,v
retrieving revision 1.1
retrieving revision 1.1.2.1
Merging differences between 1.1 and 1.1.2.1 into Random.cc
RCS file: /n/skiathos/radtran/cvsroot/draco/src/rng/Random.hh,v
retrieving revision 1.4
retrieving revision 1.4.2.5
Merging differences between 1.4 and 1.4.2.5 into Random.hh
RCS file: /n/skiathos/radtran/cvsroot/draco/src/rng/Rnd_Control.cc,v
retrieving revision 1.7
retrieving revision 1.7.2.5
Merging differences between 1.7 and 1.7.2.5 into Rnd_Control.cc
RCS file: /n/skiathos/radtran/cvsroot/draco/src/rng/Rnd_Control.hh,v
retrieving revision 1.9
retrieving revision 1.9.2.2
Merging differences between 1.9 and 1.9.2.2 into Rnd_Control.hh
RCS file: /n/skiathos/radtran/cvsroot/draco/src/rng/SMrng.cc,v
retrieving revision 1.3
retrieving revision 1.3.2.2
Merging differences between 1.3 and 1.3.2.2 into SMrng.cc
RCS file: /n/skiathos/radtran/cvsroot/draco/src/rng/SMrng.hh,v
retrieving revision 1.2
retrieving revision 1.2.2.1
Merging differences between 1.2 and 1.2.2.1 into SMrng.hh
RCS file: /n/skiathos/radtran/cvsroot/draco/src/rng/Sprng.cc,v
retrieving revision 1.2
retrieving revision 1.2.2.1
Merging differences between 1.2 and 1.2.2.1 into Sprng.cc
RCS file: /n/skiathos/radtran/cvsroot/draco/src/rng/Sprng.hh,v
retrieving revision 1.7
retrieving revision 1.7.2.5
Merging differences between 1.7 and 1.7.2.5 into Sprng.hh
U src/rng/config.h.in
U src/rng/configure
U src/rng/configure.in
cvs update: scheduling src/rng/makefile for removal
U src/rng/rng_sprng.h
cvs update: Updating src/rng/test
cvs update: Updating src/sn
cvs update: Updating src/sn/test
cvs update: Updating src/spdf
cvs update: scheduling src/spdf/.cvsignore for removal
cvs update: scheduling src/spdf/config.hh for removal
cvs update: scheduling src/spdf/makefile for removal
cvs update: scheduling src/spdf/spdf_stream.cc for removal
cvs update: scheduling src/spdf/spdf_stream.hh for removal
cvs update: scheduling src/spdf/spdf_stream.pt for removal
cvs update: scheduling src/spdf/tmbuf.cc for removal
cvs update: scheduling src/spdf/tstdio.cc for removal
cvs update: Updating src/t3
cvs update: scheduling src/t3/.cvsignore for removal
cvs update: scheduling src/t3/Run_DB.cc for removal
cvs update: scheduling src/t3/Run_DB.hh for removal
cvs update: scheduling src/t3/T3_MatVec.cc for removal
cvs update: scheduling src/t3/T3_MatVec.hh for removal
cvs update: scheduling src/t3/T3_MatVec.pt for removal
cvs update: scheduling src/t3/T3_PreCond.cc for removal
cvs update: scheduling src/t3/T3_PreCond.hh for removal
cvs update: scheduling src/t3/T3_PreCond.pt for removal
cvs update: scheduling src/t3/Test_Prob.cc for removal
cvs update: scheduling src/t3/Test_Prob.hh for removal
cvs update: scheduling src/t3/main.cc for removal
cvs update: scheduling src/t3/makefile for removal
cvs update: scheduling src/t3/run.nml for removal
cvs update: scheduling src/t3/t3.in for removal
cvs update: Updating src/timestep
U src/timestep/config.h.in
U src/timestep/configure
U src/timestep/configure.in
RCS file: /n/skiathos/radtran/cvsroot/draco/src/timestep/field_ts_advisor.cc,v
retrieving revision 1.12
retrieving revision 1.12.2.1
Merging differences between 1.12 and 1.12.2.1 into field_ts_advisor.cc
RCS file: /n/skiathos/radtran/cvsroot/draco/src/timestep/field_ts_advisor.hh,v
retrieving revision 1.7
retrieving revision 1.7.2.1
Merging differences between 1.7 and 1.7.2.1 into field_ts_advisor.hh
cvs update: scheduling src/timestep/field_ts_advisor.t.cc for removal
U src/timestep/field_ts_advisor.t.hh
RCS file: /n/skiathos/radtran/cvsroot/draco/src/timestep/fixed_ts_advisor.cc,v
retrieving revision 1.7
retrieving revision 1.7.2.1
Merging differences between 1.7 and 1.7.2.1 into fixed_ts_advisor.cc
RCS file: /n/skiathos/radtran/cvsroot/draco/src/timestep/fixed_ts_advisor.hh,v
retrieving revision 1.4
retrieving revision 1.4.2.1
Merging differences between 1.4 and 1.4.2.1 into fixed_ts_advisor.hh
cvs update: scheduling src/timestep/makefile for removal
RCS file: /n/skiathos/radtran/cvsroot/draco/src/timestep/ratio_ts_advisor.cc,v
retrieving revision 1.7
retrieving revision 1.7.2.1
Merging differences between 1.7 and 1.7.2.1 into ratio_ts_advisor.cc
RCS file: /n/skiathos/radtran/cvsroot/draco/src/timestep/ratio_ts_advisor.hh,v
retrieving revision 1.4
retrieving revision 1.4.2.1
Merging differences between 1.4 and 1.4.2.1 into ratio_ts_advisor.hh
RCS file: /n/skiathos/radtran/cvsroot/draco/src/timestep/target_ts_advisor.cc,v
retrieving revision 1.7
retrieving revision 1.7.2.1
Merging differences between 1.7 and 1.7.2.1 into target_ts_advisor.cc
RCS file: /n/skiathos/radtran/cvsroot/draco/src/timestep/target_ts_advisor.hh,v
retrieving revision 1.4
retrieving revision 1.4.2.1
Merging differences between 1.4 and 1.4.2.1 into target_ts_advisor.hh
RCS file: /n/skiathos/radtran/cvsroot/draco/src/timestep/ts_advisor.cc,v
retrieving revision 1.6
retrieving revision 1.6.2.1
Merging differences between 1.6 and 1.6.2.1 into ts_advisor.cc
RCS file: /n/skiathos/radtran/cvsroot/draco/src/timestep/ts_advisor.hh,v
retrieving revision 1.6
retrieving revision 1.6.2.1
Merging differences between 1.6 and 1.6.2.1 into ts_advisor.hh
RCS file: /n/skiathos/radtran/cvsroot/draco/src/timestep/ts_manager.cc,v
retrieving revision 1.7
retrieving revision 1.7.2.1
Merging differences between 1.7 and 1.7.2.1 into ts_manager.cc
RCS file: /n/skiathos/radtran/cvsroot/draco/src/timestep/ts_manager.hh,v
retrieving revision 1.6
retrieving revision 1.6.2.1
Merging differences between 1.6 and 1.6.2.1 into ts_manager.hh
cvs update: Updating src/timestep/test
RCS file: /n/skiathos/radtran/cvsroot/draco/src/timestep/test/dummy_package.cc,v
retrieving revision 1.3
retrieving revision 1.3.2.1
Merging differences between 1.3 and 1.3.2.1 into dummy_package.cc
RCS file: /n/skiathos/radtran/cvsroot/draco/src/timestep/test/dummy_package.hh,v
retrieving revision 1.2
retrieving revision 1.2.2.1
Merging differences between 1.2 and 1.2.2.1 into dummy_package.hh
RCS file: /n/skiathos/radtran/cvsroot/draco/src/timestep/test/main.cc,v
retrieving revision 1.4
retrieving revision 1.4.2.2
Merging differences between 1.4 and 1.4.2.2 into main.cc
RCS file: /n/skiathos/radtran/cvsroot/draco/src/timestep/test/test_timestep.cc,v
retrieving revision 1.8
retrieving revision 1.8.2.1
Merging differences between 1.8 and 1.8.2.1 into test_timestep.cc
RCS file: /n/skiathos/radtran/cvsroot/draco/src/timestep/test/test_timestep.hh,v
retrieving revision 1.2
retrieving revision 1.2.2.1
Merging differences between 1.2 and 1.2.2.1 into test_timestep.hh
RCS file: /n/skiathos/radtran/cvsroot/draco/src/timestep/test/test_timestep_pt.cc,v
retrieving revision 1.4
retrieving revision 1.4.2.1
Merging differences between 1.4 and 1.4.2.1 into test_timestep_pt.cc
RCS file: /n/skiathos/radtran/cvsroot/draco/src/timestep/test/test_utils.cc,v
retrieving revision 1.1
retrieving revision 1.1.2.1
Merging differences between 1.1 and 1.1.2.1 into test_utils.cc
RCS file: /n/skiathos/radtran/cvsroot/draco/src/timestep/test/test_utils.hh,v
retrieving revision 1.1
retrieving revision 1.1.2.1
Merging differences between 1.1 and 1.1.2.1 into test_utils.hh
cvs update: Updating src/timestep/test/config
U src/timestep/test/config/unix.exp
cvs update: Updating src/timestep/test/testsuites
cvs update: scheduling src/timestep/test/testsuites/makefile for removal
cvs update: Updating src/timestep/test/testsuites/timestep.1
cvs update: scheduling src/timestep/test/testsuites/timestep.1/test.exp for removal
cvs update: Updating src/timestep/test/timestep.0
U src/timestep/test/timestep.0/test.exp
cvs update: Updating src/traits
U src/traits/config.h.in
U src/traits/configure
U src/traits/configure.in
cvs update: Updating src/units
RCS file: /n/skiathos/radtran/cvsroot/draco/src/units/Units.cc,v
retrieving revision 1.4
retrieving revision 1.4.2.1
Merging differences between 1.4 and 1.4.2.1 into Units.cc
RCS file: /n/skiathos/radtran/cvsroot/draco/src/units/Units.hh,v
retrieving revision 1.4
retrieving revision 1.4.2.1
Merging differences between 1.4 and 1.4.2.1 into Units.hh
U src/units/config.h.in
U src/units/configure
U src/units/configure.in
cvs update: scheduling src/units/makefile for removal
cvs update: Updating src/util
cvs update: scheduling src/util/.cvsignore for removal
cvs update: scheduling src/util/ADFile.cc for removal
cvs update: scheduling src/util/ADFile.hh for removal
cvs update: scheduling src/util/ADKey.cc for removal
cvs update: scheduling src/util/ADKey.hh for removal
cvs update: scheduling src/util/FileSet.cc for removal
cvs update: scheduling src/util/FileSet.hh for removal
cvs update: scheduling src/util/Indx_File.cc for removal
cvs update: scheduling src/util/Indx_File.hh for removal
cvs update: scheduling src/util/Indx_File.pt for removal
cvs update: scheduling src/util/Timer.cc for removal
cvs update: scheduling src/util/Timer.hh for removal
cvs update: scheduling src/util/dump.cc for removal
cvs update: scheduling src/util/dump.hh for removal
cvs update: scheduling src/util/dump.pt for removal
cvs update: scheduling src/util/dump_nt.cc for removal
cvs update: scheduling src/util/makefile for removal
cvs update: scheduling src/util/persist.cc for removal
cvs update: scheduling src/util/persist.hh for removal
cvs update: scheduling src/util/random.cc for removal
cvs update: scheduling src/util/random.hh for removal
cvs update: Updating src/ximc
cvs update: Updating src/xm
cvs update: file src/xm/UserVec.hh has been modified, but has been removed in revision new_draco
RCS file: /n/skiathos/radtran/cvsroot/draco/src/xm/Xpr.hh,v
retrieving revision 1.1
retrieving revision 1.1.2.1
Merging differences between 1.1 and 1.1.2.1 into Xpr.hh
RCS file: /n/skiathos/radtran/cvsroot/draco/src/xm/XprBin.hh,v
retrieving revision 1.1
retrieving revision 1.1.2.1
Merging differences between 1.1 and 1.1.2.1 into XprBin.hh
RCS file: /n/skiathos/radtran/cvsroot/draco/src/xm/XprUnary.hh,v
retrieving revision 1.1
retrieving revision 1.1.2.1
Merging differences between 1.1 and 1.1.2.1 into XprUnary.hh
RCS file: /n/skiathos/radtran/cvsroot/draco/src/xm/applicative.hh,v
retrieving revision 1.1
retrieving revision 1.1.2.1
Merging differences between 1.1 and 1.1.2.1 into applicative.hh
U src/xm/config.h.in
U src/xm/configure
U src/xm/configure.in
cvs update: file src/xm/makefile has been modified, but has been removed in revision new_draco
cvs update: file src/xm/tstUV.cc has been modified, but has been removed in revision new_draco
RCS file: /n/skiathos/radtran/cvsroot/draco/src/xm/xm.hh,v
retrieving revision 1.1
retrieving revision 1.1.2.1
Merging differences between 1.1 and 1.1.2.1 into xm.hh
cvs update: Updating src/xm/test
U src/xm/test/UserVec.hh
U src/xm/test/tstUV.cc
cvs update: Updating src/xm/test/config
U src/xm/test/config/unix.exp
cvs update: Updating src/xm/test/tstUV.0
U src/xm/test/tstUV.0/test.exp
cvs update: Updating src/xm/testsuites
cvs update: Updating src/xm/testsuites/xm.1
cvs update: Updating tools
U tools/Makefile.in
U tools/configure
U tools/configure.in
U tools/draco
U tools/launchtest
