>>>> Working in 3T
>>>> Exiting 3T
>>>> Working in P1Diffusion
** File  makefile  has been revised!
   In directory  /n/skiathos/radtran/cvsroot/draco/src/P1Diffusion/test/makefile,v
   Trunk Revision : 1.2
   Branch Revision:  1.1
>>>> Exiting P1Diffusion
>>>> Working in POOMA_MT
>>>> Exiting POOMA_MT
>>>> Working in c4
** File  C4_Req.cc  has been revised!
   In directory  /n/skiathos/radtran/cvsroot/draco/src/c4/C4_Req.cc,v
   Trunk Revision : 1.10
   Branch Revision:  1.9
>>>> Exiting c4
>>>> Working in config
** File  IRIX64.cf  has been revised!
   In directory  /n/skiathos/radtran/cvsroot/draco/src/config/IRIX64.cf,v
   Trunk Revision : 1.45
   Branch Revision:  1.44
>>>> Exiting config
>>>> Working in dejagnu
>>>> Exiting dejagnu
>>>> Working in diffusion
>>>> Exiting diffusion
>>>> Working in draco
>>>> Exiting draco
>>>> Working in ds++
** File  Allocators.hh  has been revised!
   In directory  /n/skiathos/radtran/cvsroot/draco/src/ds++/Allocators.hh,v
   Trunk Revision : 1.5
   Branch Revision:  1.3
** File  Mat.hh  has been revised!
   In directory  /n/skiathos/radtran/cvsroot/draco/src/ds++/Mat.hh,v
   Trunk Revision : 1.11
   Branch Revision:  1.7
>>>> Exiting ds++
>>>> Working in geom
>>>> Exiting geom
>>>> Working in hydro
>>>> Exiting hydro
>>>> Working in imc
** File  Communicator.cc  has been revised!
   In directory  /n/skiathos/radtran/cvsroot/draco/src/imc/Communicator.cc,v
   Trunk Revision : 1.6
   Branch Revision:  1.5
** File  Communicator.hh  has been revised!
   In directory  /n/skiathos/radtran/cvsroot/draco/src/imc/Communicator.hh,v
   Trunk Revision : 1.6
   Branch Revision:  1.5
** File  IMC_Manager.cc  has been revised!
   In directory  /n/skiathos/radtran/cvsroot/draco/src/imc/IMC_Manager.cc,v
   Trunk Revision : 1.9
   Branch Revision:  1.6
** File  IMC_Manager.hh  has been revised!
   In directory  /n/skiathos/radtran/cvsroot/draco/src/imc/IMC_Manager.hh,v
   Trunk Revision : 1.6
   Branch Revision:  1.4
** File  Parallel_Builder.cc  has been revised!
   In directory  /n/skiathos/radtran/cvsroot/draco/src/imc/Parallel_Builder.cc,v
   Trunk Revision : 1.43
   Branch Revision:  1.42
** File  Particle_Buffer.cc  has been revised!
   In directory  /n/skiathos/radtran/cvsroot/draco/src/imc/Particle_Buffer.cc,v
   Trunk Revision : 1.22
   Branch Revision:  1.21
>>>> Exiting imc
>>>> Working in linalg
>>>> Exiting linalg
>>>> Working in matprops
** File  testMmcMatProp.cc  has been revised!
   In directory  /n/skiathos/radtran/cvsroot/draco/src/matprops/test/testMmcMatProp.cc,v
   Trunk Revision : 1.8
   Branch Revision:  1.7
>>>> Exiting matprops
>>>> Working in mesh
** File  Mesh_XYZ.cc  has been revised!
   In directory  /n/skiathos/radtran/cvsroot/draco/src/mesh/Mesh_XYZ.cc,v
   Trunk Revision : 1.19
   Branch Revision:  1.18
** File  Mesh_XYZ.hh  has been revised!
   In directory  /n/skiathos/radtran/cvsroot/draco/src/mesh/Mesh_XYZ.hh,v
   Trunk Revision : 1.50
   Branch Revision:  1.49
** File  Mesh_XYZ.t.cc  has been revised!
   In directory  /n/skiathos/radtran/cvsroot/draco/src/mesh/Mesh_XYZ.t.cc,v
   Trunk Revision : 1.18
   Branch Revision:  1.17
** File  makefile  has been revised!
   In directory  /n/skiathos/radtran/cvsroot/draco/src/mesh/makefile,v
   Trunk Revision : 1.6
   Branch Revision:  1.5
File  /n/skiathos/radtran/cvsroot/draco/src/mesh/tbstf.cc,v  did not exist on trunk at time of branch.
File  /n/skiathos/radtran/cvsroot/draco/src/mesh/tcctf.cc,v  did not exist on trunk at time of branch.
File  /n/skiathos/radtran/cvsroot/draco/src/mesh/tfcdtf.cc,v  did not exist on trunk at time of branch.
File  /n/skiathos/radtran/cvsroot/draco/src/mesh/tnctf.cc,v  did not exist on trunk at time of branch.
File  /n/skiathos/radtran/cvsroot/draco/src/mesh/tvctf.cc,v  did not exist on trunk at time of branch.
** File  txyz.cc  has been revised!
   In directory  /n/skiathos/radtran/cvsroot/draco/src/mesh/txyz.cc,v
   Trunk Revision : 1.28
   Branch Revision:  1.26
File  /n/skiathos/radtran/cvsroot/draco/src/mesh/testsuites/makefile,v  did not exist on trunk at time of branch.
File  /n/skiathos/radtran/cvsroot/draco/src/mesh/testsuites/mesh.1/mesh.exp,v  did not exist on trunk at time of branch.
>>>> Exiting mesh
>>>> Working in nml
>>>> Exiting nml
>>>> Working in pycxx
>>>> Exiting pycxx
>>>> Working in pydraco
>>>> Exiting pydraco
>>>> Working in pylib
>>>> Exiting pylib
>>>> Working in radphys
>>>> Exiting radphys
>>>> Working in rng
>>>> Exiting rng
>>>> Working in sn
>>>> Exiting sn
>>>> Working in spdf
>>>> Exiting spdf
>>>> Working in t3
>>>> Exiting t3
>>>> Working in timestep
>>>> Exiting timestep
>>>> Working in traits
>>>> Exiting traits
>>>> Working in units
>>>> Exiting units
>>>> Working in util
>>>> Exiting util
>>>> Working in ximc
>>>> Exiting ximc
>>>> Working in xm
** File  UserVec.hh  has been revised!
   In directory  /n/skiathos/radtran/cvsroot/draco/src/xm/UserVec.hh,v
   Trunk Revision : 1.4
   Branch Revision:  1.2
** File  XprBin.hh  has been revised!
   In directory  /n/skiathos/radtran/cvsroot/draco/src/xm/XprBin.hh,v
   Trunk Revision : 1.2
   Branch Revision:  1.1
** File  XprUnary.hh  has been revised!
   In directory  /n/skiathos/radtran/cvsroot/draco/src/xm/XprUnary.hh,v
   Trunk Revision : 1.2
   Branch Revision:  1.1
** File  applicative.hh  has been revised!
   In directory  /n/skiathos/radtran/cvsroot/draco/src/xm/applicative.hh,v
   Trunk Revision : 1.2
   Branch Revision:  1.1
** File  makefile  has been revised!
   In directory  /n/skiathos/radtran/cvsroot/draco/src/xm/makefile,v
   Trunk Revision : 1.3
   Branch Revision:  1.2
File  /n/skiathos/radtran/cvsroot/draco/src/xm/testsuites/makefile,v  did not exist on trunk at time of branch.
File  /n/skiathos/radtran/cvsroot/draco/src/xm/testsuites/xm.1/xm.exp,v  did not exist on trunk at time of branch.
>>>> Exiting xm
